2024-12-14 22:17:39 [ERROR]: TypeError: Cannot read properties of undefined (reading 'split')
    at exports.GetUserProfile (C:\Users\ADMIN\OneDrive\Desktop\Task management assignment\TaskManagement_Backend\src\controller\userprofilecontroller.js:7:44)
    at Layer.handle [as handle_request] (C:\Users\ADMIN\OneDrive\Desktop\Task management assignment\TaskManagement_Backend\node_modules\express\lib\router\layer.js:95:5)
    at next (C:\Users\ADMIN\OneDrive\Desktop\Task management assignment\TaskManagement_Backend\node_modules\express\lib\router\route.js:149:13)
    at C:\Users\ADMIN\OneDrive\Desktop\Task management assignment\TaskManagement_Backend\src\middleware\authmiddleware.js:39:5
    at C:\Users\ADMIN\OneDrive\Desktop\Task management assignment\TaskManagement_Backend\node_modules\jsonwebtoken\verify.js:261:12
    at getSecret (C:\Users\ADMIN\OneDrive\Desktop\Task management assignment\TaskManagement_Backend\node_modules\jsonwebtoken\verify.js:97:14)
    at module.exports [as verify] (C:\Users\ADMIN\OneDrive\Desktop\Task management assignment\TaskManagement_Backend\node_modules\jsonwebtoken\verify.js:101:10)
    at authenticate (C:\Users\ADMIN\OneDrive\Desktop\Task management assignment\TaskManagement_Backend\src\middleware\authmiddleware.js:31:7)
    at Layer.handle [as handle_request] (C:\Users\ADMIN\OneDrive\Desktop\Task management assignment\TaskManagement_Backend\node_modules\express\lib\router\layer.js:95:5)
    at next (C:\Users\ADMIN\OneDrive\Desktop\Task management assignment\TaskManagement_Backend\node_modules\express\lib\router\route.js:149:13)
2024-12-15 12:33:05 [ERROR]: CastError: Cast to ObjectId failed for value "{ _id: undefined }" (type Object) at path "_id" for model "tasks"
    at SchemaObjectId.cast (C:\Users\ADMIN\OneDrive\Desktop\Task management assignment\TaskManagement_Backend\node_modules\mongoose\lib\schema\objectId.js:250:11)
    at SchemaType.applySetters (C:\Users\ADMIN\OneDrive\Desktop\Task management assignment\TaskManagement_Backend\node_modules\mongoose\lib\schemaType.js:1236:12)
    at SchemaType.castForQuery (C:\Users\ADMIN\OneDrive\Desktop\Task management assignment\TaskManagement_Backend\node_modules\mongoose\lib\schemaType.js:1653:17)
    at cast (C:\Users\ADMIN\OneDrive\Desktop\Task management assignment\TaskManagement_Backend\node_modules\mongoose\lib\cast.js:319:34)
    at Query.cast (C:\Users\ADMIN\OneDrive\Desktop\Task management assignment\TaskManagement_Backend\node_modules\mongoose\lib\query.js:4906:12)
    at Query._castConditions (C:\Users\ADMIN\OneDrive\Desktop\Task management assignment\TaskManagement_Backend\node_modules\mongoose\lib\query.js:2309:10)
    at model.Query._findOneAndUpdate (C:\Users\ADMIN\OneDrive\Desktop\Task management assignment\TaskManagement_Backend\node_modules\mongoose\lib\query.js:3406:8)
    at model.Query.exec (C:\Users\ADMIN\OneDrive\Desktop\Task management assignment\TaskManagement_Backend\node_modules\mongoose\lib\query.js:4458:80)
    at process.processTicksAndRejections (node:internal/process/task_queues:95:5)
    at async exports.UpdateTask (C:\Users\ADMIN\OneDrive\Desktop\Task management assignment\TaskManagement_Backend\src\controller\taskController.js:59:22)
2024-12-15 12:33:53 [ERROR]: CastError: Cast to ObjectId failed for value "{ _id: undefined }" (type Object) at path "_id" for model "tasks"
    at SchemaObjectId.cast (C:\Users\ADMIN\OneDrive\Desktop\Task management assignment\TaskManagement_Backend\node_modules\mongoose\lib\schema\objectId.js:250:11)
    at SchemaType.applySetters (C:\Users\ADMIN\OneDrive\Desktop\Task management assignment\TaskManagement_Backend\node_modules\mongoose\lib\schemaType.js:1236:12)
    at SchemaType.castForQuery (C:\Users\ADMIN\OneDrive\Desktop\Task management assignment\TaskManagement_Backend\node_modules\mongoose\lib\schemaType.js:1653:17)
    at cast (C:\Users\ADMIN\OneDrive\Desktop\Task management assignment\TaskManagement_Backend\node_modules\mongoose\lib\cast.js:319:34)
    at Query.cast (C:\Users\ADMIN\OneDrive\Desktop\Task management assignment\TaskManagement_Backend\node_modules\mongoose\lib\query.js:4906:12)
    at Query._castConditions (C:\Users\ADMIN\OneDrive\Desktop\Task management assignment\TaskManagement_Backend\node_modules\mongoose\lib\query.js:2309:10)
    at model.Query._findOneAndUpdate (C:\Users\ADMIN\OneDrive\Desktop\Task management assignment\TaskManagement_Backend\node_modules\mongoose\lib\query.js:3406:8)
    at model.Query.exec (C:\Users\ADMIN\OneDrive\Desktop\Task management assignment\TaskManagement_Backend\node_modules\mongoose\lib\query.js:4458:80)
    at process.processTicksAndRejections (node:internal/process/task_queues:95:5)
    at async exports.UpdateTask (C:\Users\ADMIN\OneDrive\Desktop\Task management assignment\TaskManagement_Backend\src\controller\taskController.js:60:22)
2024-12-15 14:43:16 [ERROR]: ReferenceError: password is not defined
    at ValidatePassword (C:\Users\ADMIN\OneDrive\Desktop\Task management assignment\TaskManagement_Backend\src\utils\helper.js:39:31)
    at exports.loginuser (C:\Users\ADMIN\OneDrive\Desktop\Task management assignment\TaskManagement_Backend\src\controller\authController.js:60:10)
    at Layer.handle [as handle_request] (C:\Users\ADMIN\OneDrive\Desktop\Task management assignment\TaskManagement_Backend\node_modules\express\lib\router\layer.js:95:5)
    at next (C:\Users\ADMIN\OneDrive\Desktop\Task management assignment\TaskManagement_Backend\node_modules\express\lib\router\route.js:149:13)
    at Route.dispatch (C:\Users\ADMIN\OneDrive\Desktop\Task management assignment\TaskManagement_Backend\node_modules\express\lib\router\route.js:119:3)
    at Layer.handle [as handle_request] (C:\Users\ADMIN\OneDrive\Desktop\Task management assignment\TaskManagement_Backend\node_modules\express\lib\router\layer.js:95:5)
    at C:\Users\ADMIN\OneDrive\Desktop\Task management assignment\TaskManagement_Backend\node_modules\express\lib\router\index.js:284:15
    at Function.process_params (C:\Users\ADMIN\OneDrive\Desktop\Task management assignment\TaskManagement_Backend\node_modules\express\lib\router\index.js:346:12)
    at next (C:\Users\ADMIN\OneDrive\Desktop\Task management assignment\TaskManagement_Backend\node_modules\express\lib\router\index.js:280:10)
    at Function.handle (C:\Users\ADMIN\OneDrive\Desktop\Task management assignment\TaskManagement_Backend\node_modules\express\lib\router\index.js:175:3)
2024-12-15 15:16:03 [ERROR]: ReferenceError: role is not defined
    at exports.GetTaskStats (C:\Users\ADMIN\OneDrive\Desktop\Task management assignment\TaskManagement_Backend\src\controller\analyticscontroller.js:8:27)
    at Layer.handle [as handle_request] (C:\Users\ADMIN\OneDrive\Desktop\Task management assignment\TaskManagement_Backend\node_modules\express\lib\router\layer.js:95:5)
    at next (C:\Users\ADMIN\OneDrive\Desktop\Task management assignment\TaskManagement_Backend\node_modules\express\lib\router\route.js:149:13)
    at C:\Users\ADMIN\OneDrive\Desktop\Task management assignment\TaskManagement_Backend\src\middleware\authmiddleware.js:74:5
    at Layer.handle [as handle_request] (C:\Users\ADMIN\OneDrive\Desktop\Task management assignment\TaskManagement_Backend\node_modules\express\lib\router\layer.js:95:5)
    at next (C:\Users\ADMIN\OneDrive\Desktop\Task management assignment\TaskManagement_Backend\node_modules\express\lib\router\route.js:149:13)
    at C:\Users\ADMIN\OneDrive\Desktop\Task management assignment\TaskManagement_Backend\src\middleware\authmiddleware.js:42:5
    at C:\Users\ADMIN\OneDrive\Desktop\Task management assignment\TaskManagement_Backend\node_modules\jsonwebtoken\verify.js:261:12
    at getSecret (C:\Users\ADMIN\OneDrive\Desktop\Task management assignment\TaskManagement_Backend\node_modules\jsonwebtoken\verify.js:97:14)
    at module.exports [as verify] (C:\Users\ADMIN\OneDrive\Desktop\Task management assignment\TaskManagement_Backend\node_modules\jsonwebtoken\verify.js:101:10)
2024-12-15 15:16:41 [ERROR]: ReferenceError: taskStats is not defined
    at exports.GetTaskStats (C:\Users\ADMIN\OneDrive\Desktop\Task management assignment\TaskManagement_Backend\src\controller\analyticscontroller.js:31:15)
    at Layer.handle [as handle_request] (C:\Users\ADMIN\OneDrive\Desktop\Task management assignment\TaskManagement_Backend\node_modules\express\lib\router\layer.js:95:5)
    at next (C:\Users\ADMIN\OneDrive\Desktop\Task management assignment\TaskManagement_Backend\node_modules\express\lib\router\route.js:149:13)
    at C:\Users\ADMIN\OneDrive\Desktop\Task management assignment\TaskManagement_Backend\src\middleware\authmiddleware.js:74:5
    at Layer.handle [as handle_request] (C:\Users\ADMIN\OneDrive\Desktop\Task management assignment\TaskManagement_Backend\node_modules\express\lib\router\layer.js:95:5)
    at next (C:\Users\ADMIN\OneDrive\Desktop\Task management assignment\TaskManagement_Backend\node_modules\express\lib\router\route.js:149:13)
    at C:\Users\ADMIN\OneDrive\Desktop\Task management assignment\TaskManagement_Backend\src\middleware\authmiddleware.js:42:5
    at C:\Users\ADMIN\OneDrive\Desktop\Task management assignment\TaskManagement_Backend\node_modules\jsonwebtoken\verify.js:261:12
    at getSecret (C:\Users\ADMIN\OneDrive\Desktop\Task management assignment\TaskManagement_Backend\node_modules\jsonwebtoken\verify.js:97:14)
    at module.exports [as verify] (C:\Users\ADMIN\OneDrive\Desktop\Task management assignment\TaskManagement_Backend\node_modules\jsonwebtoken\verify.js:101:10)
2024-12-15 15:16:58 [ERROR]: ReferenceError: taskstats is not defined
    at exports.GetTaskStats (C:\Users\ADMIN\OneDrive\Desktop\Task management assignment\TaskManagement_Backend\src\controller\analyticscontroller.js:31:15)
    at Layer.handle [as handle_request] (C:\Users\ADMIN\OneDrive\Desktop\Task management assignment\TaskManagement_Backend\node_modules\express\lib\router\layer.js:95:5)
    at next (C:\Users\ADMIN\OneDrive\Desktop\Task management assignment\TaskManagement_Backend\node_modules\express\lib\router\route.js:149:13)
    at C:\Users\ADMIN\OneDrive\Desktop\Task management assignment\TaskManagement_Backend\src\middleware\authmiddleware.js:74:5
    at Layer.handle [as handle_request] (C:\Users\ADMIN\OneDrive\Desktop\Task management assignment\TaskManagement_Backend\node_modules\express\lib\router\layer.js:95:5)
    at next (C:\Users\ADMIN\OneDrive\Desktop\Task management assignment\TaskManagement_Backend\node_modules\express\lib\router\route.js:149:13)
    at C:\Users\ADMIN\OneDrive\Desktop\Task management assignment\TaskManagement_Backend\src\middleware\authmiddleware.js:42:5
    at C:\Users\ADMIN\OneDrive\Desktop\Task management assignment\TaskManagement_Backend\node_modules\jsonwebtoken\verify.js:261:12
    at getSecret (C:\Users\ADMIN\OneDrive\Desktop\Task management assignment\TaskManagement_Backend\node_modules\jsonwebtoken\verify.js:97:14)
    at module.exports [as verify] (C:\Users\ADMIN\OneDrive\Desktop\Task management assignment\TaskManagement_Backend\node_modules\jsonwebtoken\verify.js:101:10)
2024-12-15 15:44:16 [ERROR]: TypeError: Expected a string but received a undefined
    at assertString (C:\Users\ADMIN\OneDrive\Desktop\Task management assignment\TaskManagement_Backend\node_modules\validator\lib\util\assertString.js:13:11)
    at Object.isEmail (C:\Users\ADMIN\OneDrive\Desktop\Task management assignment\TaskManagement_Backend\node_modules\validator\lib\isEmail.js:66:29)
    at exports.loginuser (C:\Users\ADMIN\OneDrive\Desktop\Task management assignment\TaskManagement_Backend\src\controller\authController.js:55:20)
    at Layer.handle [as handle_request] (C:\Users\ADMIN\OneDrive\Desktop\Task management assignment\TaskManagement_Backend\node_modules\express\lib\router\layer.js:95:5)
    at next (C:\Users\ADMIN\OneDrive\Desktop\Task management assignment\TaskManagement_Backend\node_modules\express\lib\router\route.js:149:13)
    at Route.dispatch (C:\Users\ADMIN\OneDrive\Desktop\Task management assignment\TaskManagement_Backend\node_modules\express\lib\router\route.js:119:3)
    at Layer.handle [as handle_request] (C:\Users\ADMIN\OneDrive\Desktop\Task management assignment\TaskManagement_Backend\node_modules\express\lib\router\layer.js:95:5)
    at C:\Users\ADMIN\OneDrive\Desktop\Task management assignment\TaskManagement_Backend\node_modules\express\lib\router\index.js:284:15
    at Function.process_params (C:\Users\ADMIN\OneDrive\Desktop\Task management assignment\TaskManagement_Backend\node_modules\express\lib\router\index.js:346:12)
    at next (C:\Users\ADMIN\OneDrive\Desktop\Task management assignment\TaskManagement_Backend\node_modules\express\lib\router\index.js:280:10)
2024-12-15 15:44:57 [ERROR]: TypeError: Expected a string but received a undefined
    at assertString (C:\Users\ADMIN\OneDrive\Desktop\Task management assignment\TaskManagement_Backend\node_modules\validator\lib\util\assertString.js:13:11)
    at Object.isEmail (C:\Users\ADMIN\OneDrive\Desktop\Task management assignment\TaskManagement_Backend\node_modules\validator\lib\isEmail.js:66:29)
    at exports.loginuser (C:\Users\ADMIN\OneDrive\Desktop\Task management assignment\TaskManagement_Backend\src\controller\authController.js:55:20)
    at Layer.handle [as handle_request] (C:\Users\ADMIN\OneDrive\Desktop\Task management assignment\TaskManagement_Backend\node_modules\express\lib\router\layer.js:95:5)
    at next (C:\Users\ADMIN\OneDrive\Desktop\Task management assignment\TaskManagement_Backend\node_modules\express\lib\router\route.js:149:13)
    at Route.dispatch (C:\Users\ADMIN\OneDrive\Desktop\Task management assignment\TaskManagement_Backend\node_modules\express\lib\router\route.js:119:3)
    at Layer.handle [as handle_request] (C:\Users\ADMIN\OneDrive\Desktop\Task management assignment\TaskManagement_Backend\node_modules\express\lib\router\layer.js:95:5)
    at C:\Users\ADMIN\OneDrive\Desktop\Task management assignment\TaskManagement_Backend\node_modules\express\lib\router\index.js:284:15
    at Function.process_params (C:\Users\ADMIN\OneDrive\Desktop\Task management assignment\TaskManagement_Backend\node_modules\express\lib\router\index.js:346:12)
    at next (C:\Users\ADMIN\OneDrive\Desktop\Task management assignment\TaskManagement_Backend\node_modules\express\lib\router\index.js:280:10)
2024-12-15 15:45:12 [ERROR]: TypeError: Expected a string but received a undefined
    at assertString (C:\Users\ADMIN\OneDrive\Desktop\Task management assignment\TaskManagement_Backend\node_modules\validator\lib\util\assertString.js:13:11)
    at Object.isEmail (C:\Users\ADMIN\OneDrive\Desktop\Task management assignment\TaskManagement_Backend\node_modules\validator\lib\isEmail.js:66:29)
    at exports.loginuser (C:\Users\ADMIN\OneDrive\Desktop\Task management assignment\TaskManagement_Backend\src\controller\authController.js:55:20)
    at Layer.handle [as handle_request] (C:\Users\ADMIN\OneDrive\Desktop\Task management assignment\TaskManagement_Backend\node_modules\express\lib\router\layer.js:95:5)
    at next (C:\Users\ADMIN\OneDrive\Desktop\Task management assignment\TaskManagement_Backend\node_modules\express\lib\router\route.js:149:13)
    at Route.dispatch (C:\Users\ADMIN\OneDrive\Desktop\Task management assignment\TaskManagement_Backend\node_modules\express\lib\router\route.js:119:3)
    at Layer.handle [as handle_request] (C:\Users\ADMIN\OneDrive\Desktop\Task management assignment\TaskManagement_Backend\node_modules\express\lib\router\layer.js:95:5)
    at C:\Users\ADMIN\OneDrive\Desktop\Task management assignment\TaskManagement_Backend\node_modules\express\lib\router\index.js:284:15
    at Function.process_params (C:\Users\ADMIN\OneDrive\Desktop\Task management assignment\TaskManagement_Backend\node_modules\express\lib\router\index.js:346:12)
    at next (C:\Users\ADMIN\OneDrive\Desktop\Task management assignment\TaskManagement_Backend\node_modules\express\lib\router\index.js:280:10)
2024-12-15 15:45:21 [ERROR]: TypeError: Expected a string but received a undefined
    at assertString (C:\Users\ADMIN\OneDrive\Desktop\Task management assignment\TaskManagement_Backend\node_modules\validator\lib\util\assertString.js:13:11)
    at Object.isEmail (C:\Users\ADMIN\OneDrive\Desktop\Task management assignment\TaskManagement_Backend\node_modules\validator\lib\isEmail.js:66:29)
    at exports.loginuser (C:\Users\ADMIN\OneDrive\Desktop\Task management assignment\TaskManagement_Backend\src\controller\authController.js:55:20)
    at Layer.handle [as handle_request] (C:\Users\ADMIN\OneDrive\Desktop\Task management assignment\TaskManagement_Backend\node_modules\express\lib\router\layer.js:95:5)
    at next (C:\Users\ADMIN\OneDrive\Desktop\Task management assignment\TaskManagement_Backend\node_modules\express\lib\router\route.js:149:13)
    at Route.dispatch (C:\Users\ADMIN\OneDrive\Desktop\Task management assignment\TaskManagement_Backend\node_modules\express\lib\router\route.js:119:3)
    at Layer.handle [as handle_request] (C:\Users\ADMIN\OneDrive\Desktop\Task management assignment\TaskManagement_Backend\node_modules\express\lib\router\layer.js:95:5)
    at C:\Users\ADMIN\OneDrive\Desktop\Task management assignment\TaskManagement_Backend\node_modules\express\lib\router\index.js:284:15
    at Function.process_params (C:\Users\ADMIN\OneDrive\Desktop\Task management assignment\TaskManagement_Backend\node_modules\express\lib\router\index.js:346:12)
    at next (C:\Users\ADMIN\OneDrive\Desktop\Task management assignment\TaskManagement_Backend\node_modules\express\lib\router\index.js:280:10)
2024-12-15 15:45:28 [ERROR]: TypeError: Expected a string but received a undefined
    at assertString (C:\Users\ADMIN\OneDrive\Desktop\Task management assignment\TaskManagement_Backend\node_modules\validator\lib\util\assertString.js:13:11)
    at Object.isEmail (C:\Users\ADMIN\OneDrive\Desktop\Task management assignment\TaskManagement_Backend\node_modules\validator\lib\isEmail.js:66:29)
    at exports.loginuser (C:\Users\ADMIN\OneDrive\Desktop\Task management assignment\TaskManagement_Backend\src\controller\authController.js:55:20)
    at Layer.handle [as handle_request] (C:\Users\ADMIN\OneDrive\Desktop\Task management assignment\TaskManagement_Backend\node_modules\express\lib\router\layer.js:95:5)
    at next (C:\Users\ADMIN\OneDrive\Desktop\Task management assignment\TaskManagement_Backend\node_modules\express\lib\router\route.js:149:13)
    at Route.dispatch (C:\Users\ADMIN\OneDrive\Desktop\Task management assignment\TaskManagement_Backend\node_modules\express\lib\router\route.js:119:3)
    at Layer.handle [as handle_request] (C:\Users\ADMIN\OneDrive\Desktop\Task management assignment\TaskManagement_Backend\node_modules\express\lib\router\layer.js:95:5)
    at C:\Users\ADMIN\OneDrive\Desktop\Task management assignment\TaskManagement_Backend\node_modules\express\lib\router\index.js:284:15
    at Function.process_params (C:\Users\ADMIN\OneDrive\Desktop\Task management assignment\TaskManagement_Backend\node_modules\express\lib\router\index.js:346:12)
    at next (C:\Users\ADMIN\OneDrive\Desktop\Task management assignment\TaskManagement_Backend\node_modules\express\lib\router\index.js:280:10)
